 rotation parameters:      11.034
 scaling parameters:      0.963 2.880
 translation parameters:  5.333 6.666
   fit=        3.3316



  rotated solution WITHOUT dimension scaling

    1.516  -0.522
    1.604   0.305
    0.707  -0.188
    0.944   0.910
   -0.413  -1.194
   -0.143   0.595
   -1.655  -0.990
   -1.509  -0.111
   -1.048   1.194



 rotated solution WITH dimension scaling 

    6.792   5.162
    6.877   7.546
    6.013   6.125
    6.241   9.287
    4.936   3.229
    5.195   8.380
    3.740   3.816
    3.880   6.348
    4.324  10.105
