

 similarity parameters for Matrix   1

           1     2     3     4     5     6
  2    0.396
  3    0.246 0.291
  4    0.198 0.268 0.206
  5    0.232 0.191 0.143 0.133
  6    0.181 0.175 0.129 0.099 0.057

 bias parameters for matrix   1

           1     2     3     4     5     6

       0.110 0.144 0.128 0.157 0.207 0.253


 similarity parameters for Matrix   2

           1     2     3     4     5     6
  2    0.536
  3    0.366 0.317
  4    0.271 0.170 0.181
  5    0.208 0.153 0.103 0.108
  6    0.131 0.085 0.076 0.037 0.022

 bias parameters for matrix   2

           1     2     3     4     5     6

       0.164 0.162 0.186 0.178 0.164 0.146


 predicted confusions for Matrix   1

           1     2     3     4     5     6

  1     34.0  17.6   9.7   9.6  14.9  14.2
        34.0  17.0  10.0  10.0  14.0  15.0

  2     12.4  41.0  10.7  12.0  11.3  12.6
        13.0  41.0  10.0  10.0  12.0  14.0

  3      9.3  14.3  44.0  11.1  10.1  11.2
         9.0  15.0  44.0  12.0   9.0  11.0

  4      7.4  13.0   8.9  53.0   9.3   8.4
         7.0  15.0   8.0  53.0   9.0   8.0

  5      8.1   8.7   5.9   6.7  66.0   4.6
         9.0   8.0   7.0   7.0  66.0   3.0

  6      5.8   7.4   4.8   4.6   3.4  74.0
         5.0   6.0   5.0   5.0   5.0  74.0


 predicted confusions for Matrix   2

           1     2     3     4     5     6

  1     39.0  20.6  16.2  11.5   8.1   4.6
        39.0  22.0  18.0  10.0   9.0   2.0

  2     23.4  43.0  15.7   8.0   6.6   3.3
        22.0  43.0  14.0  11.0   6.0   4.0

  3     16.8  14.3  52.0   9.0   4.7   3.1
        15.0  16.0  52.0   8.0   4.0   5.0

  4     14.5   9.0  11.0  58.0   5.8   1.8
        16.0   6.0  12.0  58.0   6.0   2.0

  5     12.9   9.4   7.3   7.2  62.0   1.2
        12.0  10.0   8.0   7.0  62.0   1.0

  6     10.4   6.7   6.9   3.2   1.8  71.0
        13.0   6.0   5.0   3.0   2.0  71.0

 Matrix  1  G2=      3.509 -lnL=     60.349

 Matrix  2  G2=      8.321 -lnL=     59.885

  nprm =   40 total N =   1200.

  Total -lnL =    120.234 Total G2 =     11.830
  BIC =    524.072  AIC =    320.469
