

 similarity parameters for Matrix   1

           1     2     3     4     5     6
  2    0.396
  3    0.246 0.291
  4    0.198 0.268 0.206
  5    0.232 0.191 0.143 0.133
  6    0.181 0.175 0.129 0.099 0.057

 bias parameters for matrix   1

           1     2     3     4     5     6

       0.110 0.144 0.128 0.157 0.207 0.253


 predicted confusions for Matrix   1

           1     2     3     4     5     6

  1     34.0  17.6   9.7   9.6  14.9  14.2
        34.0  17.0  10.0  10.0  14.0  15.0

  2     12.4  41.0  10.7  12.0  11.3  12.6
        13.0  41.0  10.0  10.0  12.0  14.0

  3      9.3  14.3  44.0  11.1  10.1  11.2
         9.0  15.0  44.0  12.0   9.0  11.0

  4      7.4  13.0   8.9  53.0   9.3   8.4
         7.0  15.0   8.0  53.0   9.0   8.0

  5      8.1   8.7   5.9   6.7  66.0   4.6
         9.0   8.0   7.0   7.0  66.0   3.0

  6      5.8   7.4   4.8   4.6   3.4  74.0
         5.0   6.0   5.0   5.0   5.0  74.0

 Matrix  1  G2=      3.509 -lnL=     60.349

  nprm =   20 total N =    600.

  Total -lnL =     60.349 Total G2 =      3.509
  BIC =    248.637  AIC =    160.698
