

 similarity parameters for Matrix   1

           1     2     3     4     5     6
  2    0.471
  3    0.311 0.305
  4    0.238 0.217 0.193
  5    0.221 0.172 0.123 0.120
  6    0.157 0.130 0.102 0.068 0.040

 bias parameters for matrix   1

           1     2     3     4     5     6

       0.101 0.140 0.123 0.154 0.208 0.274


 similarity parameters for Matrix   2

           1     2     3     4     5     6
  2    0.471
  3    0.311 0.305
  4    0.238 0.217 0.193
  5    0.221 0.172 0.123 0.120
  6    0.157 0.130 0.102 0.068 0.040

 bias parameters for matrix   2

           1     2     3     4     5     6

       0.172 0.158 0.185 0.173 0.161 0.151


 predicted confusions for Matrix   1

           1     2     3     4     5     6

  1     30.5  19.9  11.5  11.1  13.9  13.0
        34.0  17.0  10.0  10.0  14.0  15.0

  2     14.4  42.4  11.3  10.2  10.8  10.8
        13.0  41.0  10.0  10.0  12.0  14.0

  3     11.2  15.2  43.8  10.6   9.1  10.0
         9.0  15.0  44.0  12.0   9.0  11.0

  4      8.7  11.0   8.6  55.9   9.1   6.7
         7.0  15.0   8.0  53.0   9.0   8.0

  5      7.5   8.0   5.0   6.2  69.6   3.7
         9.0   8.0   7.0   7.0  66.0   3.0

  6      4.7   5.3   3.7   3.1   2.4  80.8
         5.0   6.0   5.0   5.0   5.0  74.0


 predicted confusions for Matrix   2

           1     2     3     4     5     6

  1     42.5  18.4  14.3  10.2   8.8   5.9
        39.0  22.0  18.0  10.0   9.0   2.0

  2     21.3  41.6  14.9   9.9   7.3   5.2
        22.0  43.0  14.0  11.0   6.0   4.0

  3     15.0  13.5  52.2   9.4   5.6   4.3
        15.0  16.0  52.0   8.0   4.0   5.0

  4     13.0  11.0  11.4  55.1   6.2   3.3
        16.0   6.0  12.0  58.0   6.0   2.0

  5     13.8   9.8   8.3   7.5  58.4   2.2
        12.0  10.0   8.0   7.0  62.0   1.0

  6     11.4   8.7   8.0   4.9   2.7  64.2
        13.0   6.0   5.0   3.0   2.0  71.0

 Matrix  1  G2=     11.185 -lnL=     64.187

 Matrix  2  G2=     16.929 -lnL=     64.189

  nprm =   25 total N =   1200.

  Total -lnL =    128.376 Total G2 =     28.113
  BIC =    434.004  AIC =    306.752
